0.0876755321198064
0.0937649181747119
0.0740060328063291
0.0496735233608071
0.0210550724982715
0.0196283356063106
0.0142232703729158
0.0138581078069446
0.0296422746599479
0.0595232067116871
0.096795977541147
0.0297377395724028
0.0106874152179423
0.0108040396569105
0.0109412497631381
0.0109377184365371
0.0152667363161517
0.0280637915521078
0.0993776425165849
0.0209848267309534
0.0100631724526638
0.00949242922662231
0.0106363539884811
0.0125107372238186
0.0170481161631507
0.0204208377909768
0.0881666526472812
0.0184401150707548
0.0106673849808671
0.00990510908307647
0.0112698959424787
0.0110956294592171
0.0154842339528644
0.015899693559857
0.0568253036838887
0.0272365207328976
0.0114446132049981
0.00946064409264701
0.0109497174905418
0.011503080729209
0.0145026061670384
0.0170132954683562
0.0375885931254285
0.0238981430220695
0.0112600349858943
0.00962972006430935
0.0119950672626332
0.0120888940583857
0.0149860085932521
0.0168858211100517
0.0436693513337447
0.0213443863740913
0.0117781508117883
0.0111971411576979
0.013411260696258
0.0132000160075577
0.0149060295151071
0.0181125159108959
0.0406112274746427
0.0209921450498767
0.0135692191120062
0.0120913553605313
0.0131239962576384
0.0141989841991412
0.0178094400201704
0.0195983945236538
0.0739450509310422
0.0160443126549044
0.0134660060696589
0.0121544678017199
0.014425615727581
0.0151520564936705
0.0231008404375496
0.0203343752814591
0.0844186253055311
0.0194482812101937
0.0153985602547616
0.0124140760197137
0.0155697766783888
0.0238609438501704
0.0233894651054926
0.0219512272165772
0.0646149783049139
0.0982274369175178
0.0202098649056295
0.0159600861340851
0.0150477580364464
0.0174532720162406
0.0279808341048077
0.028037401591256
0.0214648927017158
0.0427516989983934
0.0959930094803434
0.0184170361822183
0.0174504525395157
0.0146339498786824
0.0196121886681455
0.0463484249559512
0.0328657444738118
0.0255000098988842
0.0222759530189004
0.0719215397307535
0.0198848182002217
0.0187613490364178
0.0151140462046705
0.0241679937998377
0.0692779720681745
0.0350957843413362
0.029096246310232
0.0188950075392907
0.0702765719361209
0.0184171513721851
0.0177661331646126
0.0153140098932871
0.0383078024239106
0.0852832121944485
0.0596250670376855
0.028068878354549
0.0244606480824984
0.0184250407720165
0.0204893304318039
0.01536103283457
0.0615136539500326
0.0935721291715032
0.0620216252583051
0.0525978023332467
0.0862476677856942
0.089961696743641
0.0213837283552303
0.0229818494449046
0.0213321290249179
0.101995515034207
0.0997276802155286
0.0826437045872465
0.0820046241993465
0.0913432448227629
0.095440166305973
0.0196220069035616
0.0265541106678779
0.0499337137843906
0.103040569415062
0.107595309874118
0.0900932729328332
0.0808199439303874
0.0839176191551049
0.0204457683265612
0.0292964951097709
0.0883030058493519
0.0903800885178674
0.104920776570511
0.0957277967762337
0.0812359448116318
0.019677694352647
0.0340874490463865
0.0698210147230925
0.0916458885818255
0.101254298862895
0.0914622703334421
0.0197906390863924
0.0311703644843752
0.0706368092583649
0.0963506789896879
0.0946924542326138
0.0178605259334544
0.029274675945187
0.0791161759603658
0.103571865806187
0.0805312056149256
0.0217552119717541
0.0335808399502159
0.0915828311867506
0.0983287786475051
0.0809797100624613
0.0206847643862212
0.0387915229260732
0.0896718450492709
0.0903208428700859
0.0669273864952933
0.0192828904100279
0.047893631581258
0.100271612590884
0.046776063528926
0.0209303929370833
0.0619524006765952
0.102158918431801
0.0345156408228193
0.0216327790889259
0.0840200908484477
0.0286460627592642
0.0220482619121255
0.0805386231123598
0.0265423153280447
0.0269819458790896
0.0513061933759029
0.0700101909791739
0.0769475011018752
0.0951840936553238
